{
  "RSpec": {
    "coverage": {
      "/Users/renato/RailsProjects/P4gSeguro/app/models/user.rb": {
        "lines": [
          1,
          null,
          null,
          1,
          null,
          null,
          1,
          null,
          1,
          1,
          null,
          1,
          null,
          1,
          21,
          21,
          21,
          null,
          null,
          1,
          21,
          null,
          null
        ]
      },
      "/Users/renato/RailsProjects/P4gSeguro/app/models/application_record.rb": {
        "lines": [
          1,
          1,
          null
        ]
      },
      "/Users/renato/RailsProjects/P4gSeguro/app/models/admin.rb": {
        "lines": [
          1,
          null,
          null,
          1,
          null,
          null,
          1,
          null,
          1,
          null,
          1,
          9,
          9,
          9,
          null,
          null
        ]
      },
      "/Users/renato/RailsProjects/P4gSeguro/app/models/company.rb": {
        "lines": [
          1,
          1,
          null,
          1,
          null,
          1,
          null
        ]
      },
      "/Users/renato/RailsProjects/P4gSeguro/app/controllers/home_controller.rb": {
        "lines": [
          1,
          1,
          null
        ]
      },
      "/Users/renato/RailsProjects/P4gSeguro/app/controllers/application_controller.rb": {
        "lines": [
          1,
          1,
          10,
          10,
          3,
          null,
          7,
          null,
          null,
          null
        ]
      },
      "/Users/renato/RailsProjects/P4gSeguro/app/controllers/admins_controller.rb": {
        "lines": [
          1,
          1,
          4,
          4,
          null,
          null,
          null
        ]
      },
      "/Users/renato/RailsProjects/P4gSeguro/app/controllers/companies_controller.rb": {
        "lines": [
          1,
          1,
          3,
          null,
          null,
          1,
          2,
          null,
          null,
          2,
          1,
          1,
          1,
          null,
          1,
          null,
          null,
          null,
          1,
          1,
          1,
          1,
          null,
          null
        ]
      },
      "/Users/renato/RailsProjects/P4gSeguro/app/controllers/users_controller.rb": {
        "lines": [
          1,
          1,
          1,
          null,
          null
        ]
      }
    },
    "timestamp": 1640740929
  }
}
