{
  "RSpec": {
    "coverage": {
      "/Users/renato/RailsProjects/P4gSeguro/app/controllers/home_controller.rb": {
        "lines": [
          1,
          1,
          null
        ]
      },
      "/Users/renato/RailsProjects/P4gSeguro/app/controllers/application_controller.rb": {
        "lines": [
          1,
          null
        ]
      },
      "/Users/renato/RailsProjects/P4gSeguro/app/models/application_record.rb": {
        "lines": [
          0,
          0,
          0
        ],
        "branches": {
        }
      }
    },
    "timestamp": 1640455287
  }
}
